Unity Editor version:    2021.2.16f1 (559fc0ec6670)
Branch:                  2021.2/staging
Build type:              Release
Batch mode:              YES
macOS version:           Version 12.3 (Build 21E230)
Darwin version:          21.4.0
Architecture:            x86_64
Running under Rosetta:   YES
Available memory:        16384 MB
Using pre-set license
Pro License: YES

COMMAND LINE ARGUMENTS:
/Users/lizzy/Documents/2021.2.16f1/Unity.app/Contents/MacOS/Unity
-adb2
-batchMode
-noUpm
-name
AssetImportWorker1
-projectPath
/Users/lizzy/Documents/GitHub/Pandora-s-Toy-Box
-logFile
Logs/AssetImportWorker1.log
-srvPort
59007
Successfully changed project path to: /Users/lizzy/Documents/GitHub/Pandora-s-Toy-Box
/Users/lizzy/Documents/GitHub/Pandora-s-Toy-Box
[UnityMemory] Configuration Parameters - Can be set up in boot.config
    "memorysetup-bucket-allocator-granularity=16"
    "memorysetup-bucket-allocator-bucket-count=8"
    "memorysetup-bucket-allocator-block-size=33554432"
    "memorysetup-bucket-allocator-block-count=8"
    "memorysetup-main-allocator-block-size=16777216"
    "memorysetup-thread-allocator-block-size=16777216"
    "memorysetup-gfx-main-allocator-block-size=16777216"
    "memorysetup-gfx-thread-allocator-block-size=16777216"
    "memorysetup-cache-allocator-block-size=4194304"
    "memorysetup-typetree-allocator-block-size=2097152"
    "memorysetup-profiler-bucket-allocator-granularity=16"
    "memorysetup-profiler-bucket-allocator-bucket-count=8"
    "memorysetup-profiler-bucket-allocator-block-size=33554432"
    "memorysetup-profiler-bucket-allocator-block-count=8"
    "memorysetup-profiler-allocator-block-size=16777216"
    "memorysetup-profiler-editor-allocator-block-size=1048576"
    "memorysetup-temp-allocator-size-main=16777216"
    "memorysetup-job-temp-allocator-block-size=2097152"
    "memorysetup-job-temp-allocator-block-size-background=1048576"
    "memorysetup-job-temp-allocator-reduction-small-platforms=262144"
    "memorysetup-temp-allocator-size-background-worker=32768"
    "memorysetup-temp-allocator-size-job-worker=262144"
    "memorysetup-temp-allocator-size-preload-manager=33554432"
    "memorysetup-temp-allocator-size-nav-mesh-worker=65536"
    "memorysetup-temp-allocator-size-audio-worker=65536"
    "memorysetup-temp-allocator-size-cloud-worker=32768"
    "memorysetup-temp-allocator-size-gi-baking-worker=262144"
    "memorysetup-temp-allocator-size-gfx=262144"
Refreshing native plugins compatible for Editor in 162.19 ms, found 6 plugins.
Preloading 1 native plugins for Editor in 5.89 ms.
Initialize engine version: 2021.2.16f1 (559fc0ec6670)
[Subsystems] Discovering subsystems at path /Users/lizzy/Documents/2021.2.16f1/Unity.app/Contents/Resources/UnitySubsystems
[Subsystems] Discovering subsystems at path /Users/lizzy/Documents/GitHub/Pandora-s-Toy-Box/Assets
GfxDevice: creating device client; threaded=0; jobified=0
 preferred device: Apple M1 (high power)
Metal devices available: 1
0: Apple M1 (high power)
Using device Apple M1 (high power)
Initializing Metal device caps: Apple M1
Shader 'Oculus/OVRMRCameraFrameLit': fallback shader 'Alpha-Diffuse' not found
Initialize mono
Mono path[0] = '/Users/lizzy/Documents/2021.2.16f1/Unity.app/Contents/Managed'
Mono path[1] = '/Users/lizzy/Documents/2021.2.16f1/Unity.app/Contents/MonoBleedingEdge/lib/mono/unityjit-macos'
Mono config path = '/Users/lizzy/Documents/2021.2.16f1/Unity.app/Contents/MonoBleedingEdge/etc'
Using monoOptions --debugger-agent=transport=dt_socket,embedding=1,server=y,suspend=n,address=127.0.0.1:56404
Begin MonoManager ReloadAssembly
Registering precompiled unity dll's ...
Register platform support module: /Users/lizzy/Documents/2021.2.16f1/Unity.app/Contents/PlaybackEngines/MacStandaloneSupport/UnityEditor.OSXStandalone.Extensions.dll
Register platform support module: /Users/lizzy/Documents/2021.2.16f1/PlaybackEngines/AndroidPlayer/UnityEditor.Android.Extensions.dll
Registered in 0.002340 seconds.
Native extension for Android target not found
Native extension for OSXStandalone target not found
Refreshing native plugins compatible for Editor in 147.98 ms, found 6 plugins.
Preloading 1 native plugins for Editor in 0.30 ms.
Mono: successfully reloaded assembly
- Completed reload, in  1.609 seconds
Domain Reload Profiling:
	ReloadAssembly (1611ms)
		BeginReloadAssembly (123ms)
			ExecutionOrderSort (0ms)
			DisableScriptedObjects (0ms)
			BackupInstance (0ms)
			ReleaseScriptingObjects (0ms)
			CreateAndSetChildDomain (2ms)
		EndReloadAssembly (1245ms)
			LoadAssemblies (122ms)
			RebuildTransferFunctionScriptingTraits (0ms)
			SetupTypeCache (146ms)
			ReleaseScriptCaches (0ms)
			RebuildScriptCaches (35ms)
			SetupLoadedEditorAssemblies (903ms)
				LogAssemblyErrors (0ms)
				InitializePlatformSupportModulesInManaged (182ms)
				SetLoadedEditorAssemblies (1ms)
				RefreshPlugins (148ms)
				BeforeProcessingInitializeOnLoad (3ms)
				ProcessInitializeOnLoadAttributes (340ms)
				ProcessInitializeOnLoadMethodAttributes (228ms)
				AfterProcessingInitializeOnLoad (0ms)
				EditorAssembliesLoaded (1ms)
			ExecutionOrderSort2 (0ms)
			AwakeInstancesAfterBackupRestoration (0ms)
Platform modules already initialized, skipping
Registering precompiled user dll's ...
Registered in 0.004144 seconds.
Begin MonoManager ReloadAssembly
Symbol file LoadedFromMemory doesn't match image /Users/lizzy/Documents/GitHub/Pandora-s-Toy-Box/Library/PackageCache/com.unity.visualscripting@1.7.6/Editor/VisualScripting.Core/Dependencies/DotNetZip/Unity.VisualScripting.IonicZip.dll
Symbol file LoadedFromMemory doesn't match image /Users/lizzy/Documents/GitHub/Pandora-s-Toy-Box/Library/PackageCache/com.unity.visualscripting@1.7.6/Editor/VisualScripting.Core/Dependencies/YamlDotNet/Unity.VisualScripting.YamlDotNet.dll
Native extension for Android target not found
Native extension for OSXStandalone target not found
Refreshing native plugins compatible for Editor in 154.66 ms, found 6 plugins.
Preloading 1 native plugins for Editor in 0.47 ms.
Package Manager log level set to [2]
Mono: successfully reloaded assembly
- Completed reload, in  3.187 seconds
Domain Reload Profiling:
	ReloadAssembly (3190ms)
		BeginReloadAssembly (368ms)
			ExecutionOrderSort (0ms)
			DisableScriptedObjects (39ms)
			BackupInstance (0ms)
			ReleaseScriptingObjects (0ms)
			CreateAndSetChildDomain (153ms)
		EndReloadAssembly (2521ms)
			LoadAssemblies (160ms)
			RebuildTransferFunctionScriptingTraits (3ms)
			SetupTypeCache (445ms)
			ReleaseScriptCaches (7ms)
			RebuildScriptCaches (96ms)
			SetupLoadedEditorAssemblies (1573ms)
				LogAssemblyErrors (0ms)
				InitializePlatformSupportModulesInManaged (45ms)
				SetLoadedEditorAssemblies (1ms)
				RefreshPlugins (155ms)
				BeforeProcessingInitializeOnLoad (176ms)
				ProcessInitializeOnLoadAttributes (1092ms)
				ProcessInitializeOnLoadMethodAttributes (102ms)
				AfterProcessingInitializeOnLoad (1ms)
				EditorAssembliesLoaded (0ms)
			ExecutionOrderSort2 (0ms)
			AwakeInstancesAfterBackupRestoration (12ms)
Platform modules already initialized, skipping
========================================================================
Worker process is ready to serve import requests
Shader 'Oculus/OVRMRCameraFrameLit': fallback shader 'Alpha-Diffuse' not found
Launching external process: /Users/lizzy/Documents/2021.2.16f1/Unity.app/Contents/Tools/UnityShaderCompiler
Launched and connected shader compiler UnityShaderCompiler after 0.08 seconds
Refreshing native plugins compatible for Editor in 1.11 ms, found 6 plugins.
Preloading 1 native plugins for Editor in 0.31 ms.
Unloading 5124 Unused Serialized files (Serialized files now loaded: 0)
Unloading 72 unused Assets / (500.8 KB). Loaded Objects now: 5550.
Memory consumption went from 314.0 MB to 313.5 MB.
Total: 4.385459 ms (FindLiveObjects: 0.382709 ms CreateObjectMapping: 0.243625 ms MarkObjects: 3.399458 ms  DeleteObjects: 0.358667 ms)

AssetImportParameters requested are different than current active one (requested -> active):
  custom:video-decoder-ogg-theora: a1e56fd34408186e4bbccfd4996cb3dc -> 
  custom:container-muxer-webm: aa71ff27fc2769a1b78a27578f13a17b -> 
  custom:container-demuxer-webm: 4f35f7cbe854078d1ac9338744f61a02 -> 
  custom:video-encoder-webm-vp8: eb34c28f22e8b96e1ab97ce403110664 -> 
  custom:framework-osx-AVFoundation: e770b220cccbd017edd2c1fefb359320 -> 
  custom:audio-encoder-webm-vorbis: bf7c407c2cedff20999df2af8eb42d56 -> 
  custom:container-demuxer-ogg: 62fdf1f143b41e24485cea50d1cbac27 -> 
  custom:video-decoder-webm-vp8: 9c59270c3fd7afecdb556c50c9e8de78 -> 
  custom:audio-decoder-ogg-vorbis: bf7c407c2cedff20999df2af8eb42d56 -> 
========================================================================
Received Import Request.
  Time since last request: 78722.956247 seconds.
  path: Assets/Oculus/SampleFramework/Core/DebugUI/Textures/button9slice.png
  artifactKey: Guid(eec623c29607b1447ac4dc6de3cdda6a) Importer(815301076,1909f56bfc062723c751e8b465ee728b)
Start importing Assets/Oculus/SampleFramework/Core/DebugUI/Textures/button9slice.png using Guid(eec623c29607b1447ac4dc6de3cdda6a) Importer(815301076,1909f56bfc062723c751e8b465ee728b)  -> (artifact id: 'c2d4f5ae0df1fcbd0b765b55d32f50c3') in 0.690504 seconds 
========================================================================
Received Import Request.
  Time since last request: 0.000620 seconds.
  path: Assets/Oculus/SampleFramework/Usage/Passthrough/Materials/ColorWheel.png
  artifactKey: Guid(5515134bbb0515545a347aafbba91666) Importer(815301076,1909f56bfc062723c751e8b465ee728b)
Start importing Assets/Oculus/SampleFramework/Usage/Passthrough/Materials/ColorWheel.png using Guid(5515134bbb0515545a347aafbba91666) Importer(815301076,1909f56bfc062723c751e8b465ee728b)  -> (artifact id: 'dcf6e70b6ea5e46daecf68e41e1daa7f') in 0.039376 seconds 
========================================================================
Received Import Request.
  Time since last request: 0.000131 seconds.
  path: Assets/Oculus/Voice/Lib/Wit.ai/Resources/continue-with-fb.png
  artifactKey: Guid(2ed0be21c4a8bce4fadffab71d5b6e85) Importer(815301076,1909f56bfc062723c751e8b465ee728b)
Start importing Assets/Oculus/Voice/Lib/Wit.ai/Resources/continue-with-fb.png using Guid(2ed0be21c4a8bce4fadffab71d5b6e85) Importer(815301076,1909f56bfc062723c751e8b465ee728b)  -> (artifact id: '6be246ab5c6a6ac0bfdbd7350b567f47') in 0.016646 seconds 
========================================================================
Received Import Request.
  Time since last request: 0.000075 seconds.
  path: Assets/Oculus/SampleFramework/Core/DebugUI/Textures/button.png
  artifactKey: Guid(749615b78f067c442b8275980b7ed7c8) Importer(815301076,1909f56bfc062723c751e8b465ee728b)
Start importing Assets/Oculus/SampleFramework/Core/DebugUI/Textures/button.png using Guid(749615b78f067c442b8275980b7ed7c8) Importer(815301076,1909f56bfc062723c751e8b465ee728b)  -> (artifact id: '6303986a04f9f25bf99d32a6d24d3686') in 0.011600 seconds 
========================================================================
Received Import Request.
  Time since last request: 0.000073 seconds.
  path: Assets/Oculus/SampleFramework/Core/DebugUI/Textures/dialog.png
  artifactKey: Guid(fd7cf88ee9b05f94f84bd7686a9669a6) Importer(815301076,1909f56bfc062723c751e8b465ee728b)
Start importing Assets/Oculus/SampleFramework/Core/DebugUI/Textures/dialog.png using Guid(fd7cf88ee9b05f94f84bd7686a9669a6) Importer(815301076,1909f56bfc062723c751e8b465ee728b)  -> (artifact id: 'b4756fab8c6b6e7d3881cae831d1756f') in 0.013809 seconds 
========================================================================
Received Import Request.
  Time since last request: 0.000067 seconds.
  path: Assets/Oculus/VR/Textures/handle.png
  artifactKey: Guid(ce8f78b2b9292484e97f36ad9568fc4f) Importer(815301076,1909f56bfc062723c751e8b465ee728b)
Start importing Assets/Oculus/VR/Textures/handle.png using Guid(ce8f78b2b9292484e97f36ad9568fc4f) Importer(815301076,1909f56bfc062723c751e8b465ee728b)  -> (artifact id: '1151e65140203b3d744a524438733477') in 0.010250 seconds 
========================================================================
Received Import Request.
  Time since last request: 7.568141 seconds.
  path: Assets/Oculus/Interaction/Samples/Textures/OCUIIconSet/OCUI_24_Filled_2x.png
  artifactKey: Guid(64f884351318b694f942625580e64a8b) Importer(815301076,1909f56bfc062723c751e8b465ee728b)
Start importing Assets/Oculus/Interaction/Samples/Textures/OCUIIconSet/OCUI_24_Filled_2x.png using Guid(64f884351318b694f942625580e64a8b) Importer(815301076,1909f56bfc062723c751e8b465ee728b)  -> (artifact id: '442bc5de8796af7f2b3ec1b6b3219e32') in 1.468632 seconds 
========================================================================
Received Import Request.
  Time since last request: 866.255112 seconds.
  path: Assets/Models/quill_mtl.mat
  artifactKey: Guid(464b2576a6dc9496382131620853dc9e) Importer(815301076,1909f56bfc062723c751e8b465ee728b)
Start importing Assets/Models/quill_mtl.mat using Guid(464b2576a6dc9496382131620853dc9e) Importer(815301076,1909f56bfc062723c751e8b465ee728b)  -> (artifact id: '4fecd19f4f507ccb87bdb909c896e5b3') in 0.303092 seconds 
========================================================================
Received Import Request.
  Time since last request: 128.003785 seconds.
  path: Assets/Models/Hack-bg_destructed_-1layer.fbx
  artifactKey: Guid(e48c79e5152764145b0ce59997adf3d8) Importer(815301076,1909f56bfc062723c751e8b465ee728b)
Start importing Assets/Models/Hack-bg_destructed_-1layer.fbx using Guid(e48c79e5152764145b0ce59997adf3d8) Importer(815301076,1909f56bfc062723c751e8b465ee728b)  -> (artifact id: '935624e916e7214125e450421957afae') in 0.299377 seconds 
========================================================================
Received Import Request.
  Time since last request: 175.758665 seconds.
  path: Assets/Models/Earth_inspace.fbx
  artifactKey: Guid(7e5c7fc5064ee4f4e854bb46f2147381) Importer(815301076,1909f56bfc062723c751e8b465ee728b)
Start importing Assets/Models/Earth_inspace.fbx using Guid(7e5c7fc5064ee4f4e854bb46f2147381) Importer(815301076,1909f56bfc062723c751e8b465ee728b)  -> (artifact id: 'a03ee3e81b974d4f1b7da0aec50bc3cd') in 0.049819 seconds 
========================================================================
Received Import Request.
  Time since last request: 208.909410 seconds.
  path: Assets/Models/ivy.fbx
  artifactKey: Guid(b3af580bf1c494a5b90981a244af8b08) Importer(815301076,1909f56bfc062723c751e8b465ee728b)
Start importing Assets/Models/ivy.fbx using Guid(b3af580bf1c494a5b90981a244af8b08) Importer(815301076,1909f56bfc062723c751e8b465ee728b)  -> (artifact id: 'e2c5fe4c329163bcb9c7b3969895f038') in 0.304766 seconds 
========================================================================
Received Import Request.
  Time since last request: 0.000098 seconds.
  path: Assets/Models/tree.fbx
  artifactKey: Guid(f9547fa533ca045b2b099aebe7aaa4e2) Importer(815301076,1909f56bfc062723c751e8b465ee728b)
Start importing Assets/Models/tree.fbx using Guid(f9547fa533ca045b2b099aebe7aaa4e2) Importer(815301076,1909f56bfc062723c751e8b465ee728b)  -> (artifact id: 'a482f2feb6ba0b7fd5c668301ee2ed92') in 0.045060 seconds 
========================================================================
Received Import Request.
  Time since last request: 0.000058 seconds.
  path: Assets/Models/main_cafe_low.obj
  artifactKey: Guid(5d34d09be63f642fabb861a6e906758b) Importer(815301076,1909f56bfc062723c751e8b465ee728b)
Start importing Assets/Models/main_cafe_low.obj using Guid(5d34d09be63f642fabb861a6e906758b) Importer(815301076,1909f56bfc062723c751e8b465ee728b)  -> (artifact id: '8c7c4edeb18ccbfb246fd062a0f28e4a') in 1.125794 seconds 
========================================================================
Received Import Request.
  Time since last request: 306.632599 seconds.
  path: Assets/Models/walls_n_ceiling_2_walls_mtl_Emissive.png
  artifactKey: Guid(52a42f2700165489bb0e6c347db0e3aa) Importer(815301076,1909f56bfc062723c751e8b465ee728b)
Start importing Assets/Models/walls_n_ceiling_2_walls_mtl_Emissive.png using Guid(52a42f2700165489bb0e6c347db0e3aa) Importer(815301076,1909f56bfc062723c751e8b465ee728b)  -> (artifact id: 'f842a89c9c54753299dd36aef8747186') in 0.014133 seconds 
========================================================================
Received Import Request.
  Time since last request: 0.000093 seconds.
  path: Assets/Models/walls_n_ceiling_2_walls_mtl_Normal.png
  artifactKey: Guid(ea4158460f87d4d5dba5c7c41ab0a570) Importer(815301076,1909f56bfc062723c751e8b465ee728b)
Start importing Assets/Models/walls_n_ceiling_2_walls_mtl_Normal.png using Guid(ea4158460f87d4d5dba5c7c41ab0a570) Importer(815301076,1909f56bfc062723c751e8b465ee728b)  -> (artifact id: '34c9d94300a74b875b147a44814364a7') in 0.008816 seconds 
========================================================================
Received Import Request.
  Time since last request: 0.000064 seconds.
  path: Assets/Models/walls_n_ceiling_2_walls_mtl_Height.png
  artifactKey: Guid(b6d90870e0aa14a71818b76ffb624d7c) Importer(815301076,1909f56bfc062723c751e8b465ee728b)
Start importing Assets/Models/walls_n_ceiling_2_walls_mtl_Height.png using Guid(b6d90870e0aa14a71818b76ffb624d7c) Importer(815301076,1909f56bfc062723c751e8b465ee728b)  -> (artifact id: '477a63c29485b35b34792d5ab138e285') in 0.008268 seconds 
========================================================================
Received Import Request.
  Time since last request: 146.202382 seconds.
  path: Assets/Models/main_cafe_low_main_assets_mtl_Height.png
  artifactKey: Guid(a03feae4f520c48c6a6f185da59a2c93) Importer(815301076,1909f56bfc062723c751e8b465ee728b)
Start importing Assets/Models/main_cafe_low_main_assets_mtl_Height.png using Guid(a03feae4f520c48c6a6f185da59a2c93) Importer(815301076,1909f56bfc062723c751e8b465ee728b)  -> (artifact id: '7067e0ae673495f6d886c5cfe32cb2d5') in 0.012845 seconds 
========================================================================
Received Import Request.
  Time since last request: 0.000056 seconds.
  path: Assets/Models/main_cafe_low_main_assets_mtl_Normal.png
  artifactKey: Guid(56c2db1e0b01148c48f73c1d51c8f30c) Importer(815301076,1909f56bfc062723c751e8b465ee728b)
Start importing Assets/Models/main_cafe_low_main_assets_mtl_Normal.png using Guid(56c2db1e0b01148c48f73c1d51c8f30c) Importer(815301076,1909f56bfc062723c751e8b465ee728b)  -> (artifact id: 'e6720a5ef04b656f9de0e79cbb81adbb') in 0.009262 seconds 
========================================================================
Received Import Request.
  Time since last request: 0.000044 seconds.
  path: Assets/Models/main_cafe_low_main_assets_mtl_Metallic.png
  artifactKey: Guid(b59eac256f5224e6e812ece4a3df507a) Importer(815301076,1909f56bfc062723c751e8b465ee728b)
Start importing Assets/Models/main_cafe_low_main_assets_mtl_Metallic.png using Guid(b59eac256f5224e6e812ece4a3df507a) Importer(815301076,1909f56bfc062723c751e8b465ee728b)  -> (artifact id: '42f0dde2a801c1e9ed13ba9e3693a562') in 0.008701 seconds 
========================================================================
Received Import Request.
  Time since last request: 873.438404 seconds.
  path: Assets/Models/main_cafe_low.obj
  artifactKey: Guid(5d34d09be63f642fabb861a6e906758b) Importer(815301076,1909f56bfc062723c751e8b465ee728b)
Start importing Assets/Models/main_cafe_low.obj using Guid(5d34d09be63f642fabb861a6e906758b) Importer(815301076,1909f56bfc062723c751e8b465ee728b)  -> (artifact id: 'e2445229ed293eb232d4d9c207c03952') in 0.443275 seconds 
========================================================================
Received Import Request.
  Time since last request: 148.933822 seconds.
  path: Assets/Models/extra_objects_lambert1_Roughness.png
  artifactKey: Guid(ba609246154274105b1a3c44092e0903) Importer(815301076,1909f56bfc062723c751e8b465ee728b)
Start importing Assets/Models/extra_objects_lambert1_Roughness.png using Guid(ba609246154274105b1a3c44092e0903) Importer(815301076,1909f56bfc062723c751e8b465ee728b)  -> (artifact id: '57c7f2a77a39927d3b12ab15079cfd3a') in 0.013698 seconds 
========================================================================
Received Import Request.
  Time since last request: 6.724177 seconds.
  path: Assets/Models/extra_objects_lambert1_Emissive.png
  artifactKey: Guid(31b793cfbc68743919d2bd819ca49148) Importer(815301076,1909f56bfc062723c751e8b465ee728b)
Start importing Assets/Models/extra_objects_lambert1_Emissive.png using Guid(31b793cfbc68743919d2bd819ca49148) Importer(815301076,1909f56bfc062723c751e8b465ee728b)  -> (artifact id: '1297791e46f3966a1c9f5e8561fceb51') in 0.014791 seconds 
========================================================================
Received Import Request.
  Time since last request: 0.000098 seconds.
  path: Assets/Models/extra_objects_lambert1_Metallic.png
  artifactKey: Guid(57b6a3478aa6342efb2cb5ed99f625f5) Importer(815301076,1909f56bfc062723c751e8b465ee728b)
Start importing Assets/Models/extra_objects_lambert1_Metallic.png using Guid(57b6a3478aa6342efb2cb5ed99f625f5) Importer(815301076,1909f56bfc062723c751e8b465ee728b)  -> (artifact id: 'd27d6178e516b15c1f4303f94748240d') in 0.010976 seconds 
========================================================================
Received Import Request.
  Time since last request: 38.753076 seconds.
  path: Assets/Models/extra_objs_mtl.mat
  artifactKey: Guid(b00e90215e5c04a6bb5a2cbb83090ab4) Importer(815301076,1909f56bfc062723c751e8b465ee728b)
Start importing Assets/Models/extra_objs_mtl.mat using Guid(b00e90215e5c04a6bb5a2cbb83090ab4) Importer(815301076,1909f56bfc062723c751e8b465ee728b)  -> (artifact id: '99cf3c834459a31afcb7bddbaa376b68') in 0.015790 seconds 
========================================================================
Received Import Request.
  Time since last request: 0.000075 seconds.
  path: Assets/Models/text_mtl.mat
  artifactKey: Guid(4f355431652f4464487ed6cc889d8b99) Importer(815301076,1909f56bfc062723c751e8b465ee728b)
Start importing Assets/Models/text_mtl.mat using Guid(4f355431652f4464487ed6cc889d8b99) Importer(815301076,1909f56bfc062723c751e8b465ee728b)  -> (artifact id: '8405d9715a9641ffd61132fc06afb8b0') in 0.008296 seconds 
